18:02:00 **** Incremental Build of configuration Debug for project g4test ****
make -j4 all 
arm-none-eabi-gcc "../Drivers/STM32G4xx_HAL_Driver/Src/stm32g4xx_hal.c" -mcpu=cortex-m4 -std=gnu11 -g3 -DDEBUG -DUSE_HAL_DRIVER -DSTM32G431xx -c -I../Core/Inc -I../Drivers/STM32G4xx_HAL_Driver/Inc -I../Drivers/STM32G4xx_HAL_Driver/Inc/Legacy -I../Drivers/CMSIS/Device/ST/STM32G4xx/Include -I../Drivers/CMSIS/Include -I../Drivers/CMSIS/RTOS2/Include -I../Drivers/CMSIS/NN/NN_Lib_Tests/nn_test/RTE/_ARMCM0 -I../Drivers/CMSIS/NN/NN_Lib_Tests/nn_test/RTE/_ARMCM3 -I../Drivers/CMSIS/NN/NN_Lib_Tests/nn_test/RTE/_ARMCM4_FP -I../Drivers/CMSIS/NN/NN_Lib_Tests/nn_test/RTE/_ARMCM7_SP -I../Drivers/CMSIS/RTOS2/Source -I../Drivers/CMSIS/NN/Sourse -I../Drivers/CMSIS/Core_A/Include -I../Drivers/CMSIS/DSP/Include -I../Drivers/CMSIS/NN/Include -I../Drivers/CMSIS/NN/Examples/ARM/arm_nn_examples_cifar10/RTE/_ARMCM0 -I../Drivers/CMSIS/NN/NN_Lib_Tests/nn_test/RTE/_ARMCM0/RTE_Components.h -O0 -ffunction-sections -fdata-sections -Wall -fstack-usage -fcyclomatic-complexity -MMD -MP -MF"Drivers/STM32G4xx_HAL_Driver/Src/stm32g4xx_hal.d" -MT"Drivers/STM32G4xx_HAL_Driver/Src/stm32g4xx_hal.o" --specs=nano.specs -mfpu=fpv4-sp-d16 -mfloat-abi=hard -mthumb -o "Drivers/STM32G4xx_HAL_Driver/Src/stm32g4xx_hal.o"
arm-none-eabi-gcc "../Drivers/STM32G4xx_HAL_Driver/Src/stm32g4xx_hal_cortex.c" -mcpu=cortex-m4 -std=gnu11 -g3 -DDEBUG -DUSE_HAL_DRIVER -DSTM32G431xx -c -I../Core/Inc -I../Drivers/STM32G4xx_HAL_Driver/Inc -I../Drivers/STM32G4xx_HAL_Driver/Inc/Legacy -I../Drivers/CMSIS/Device/ST/STM32G4xx/Include -I../Drivers/CMSIS/Include -I../Drivers/CMSIS/RTOS2/Include -I../Drivers/CMSIS/NN/NN_Lib_Tests/nn_test/RTE/_ARMCM0 -I../Drivers/CMSIS/NN/NN_Lib_Tests/nn_test/RTE/_ARMCM3 -I../Drivers/CMSIS/NN/NN_Lib_Tests/nn_test/RTE/_ARMCM4_FP -I../Drivers/CMSIS/NN/NN_Lib_Tests/nn_test/RTE/_ARMCM7_SP -I../Drivers/CMSIS/RTOS2/Source -I../Drivers/CMSIS/NN/Sourse -I../Drivers/CMSIS/Core_A/Include -I../Drivers/CMSIS/DSP/Include -I../Drivers/CMSIS/NN/Include -I../Drivers/CMSIS/NN/Examples/ARM/arm_nn_examples_cifar10/RTE/_ARMCM0 -I../Drivers/CMSIS/NN/NN_Lib_Tests/nn_test/RTE/_ARMCM0/RTE_Components.h -O0 -ffunction-sections -fdata-sections -Wall -fstack-usage -fcyclomatic-complexity -MMD -MP -MF"Drivers/STM32G4xx_HAL_Driver/Src/stm32g4xx_hal_cortex.d" -MT"Drivers/STM32G4xx_HAL_Driver/Src/stm32g4xx_hal_cortex.o" --specs=nano.specs -mfpu=fpv4-sp-d16 -mfloat-abi=hard -mthumb -o "Drivers/STM32G4xx_HAL_Driver/Src/stm32g4xx_hal_cortex.o"
arm-none-eabi-gcc "../Drivers/STM32G4xx_HAL_Driver/Src/stm32g4xx_hal_dma.c" -mcpu=cortex-m4 -std=gnu11 -g3 -DDEBUG -DUSE_HAL_DRIVER -DSTM32G431xx -c -I../Core/Inc -I../Drivers/STM32G4xx_HAL_Driver/Inc -I../Drivers/STM32G4xx_HAL_Driver/Inc/Legacy -I../Drivers/CMSIS/Device/ST/STM32G4xx/Include -I../Drivers/CMSIS/Include -I../Drivers/CMSIS/RTOS2/Include -I../Drivers/CMSIS/NN/NN_Lib_Tests/nn_test/RTE/_ARMCM0 -I../Drivers/CMSIS/NN/NN_Lib_Tests/nn_test/RTE/_ARMCM3 -I../Drivers/CMSIS/NN/NN_Lib_Tests/nn_test/RTE/_ARMCM4_FP -I../Drivers/CMSIS/NN/NN_Lib_Tests/nn_test/RTE/_ARMCM7_SP -I../Drivers/CMSIS/RTOS2/Source -I../Drivers/CMSIS/NN/Sourse -I../Drivers/CMSIS/Core_A/Include -I../Drivers/CMSIS/DSP/Include -I../Drivers/CMSIS/NN/Include -I../Drivers/CMSIS/NN/Examples/ARM/arm_nn_examples_cifar10/RTE/_ARMCM0 -I../Drivers/CMSIS/NN/NN_Lib_Tests/nn_test/RTE/_ARMCM0/RTE_Components.h -O0 -ffunction-sections -fdata-sections -Wall -fstack-usage -fcyclomatic-complexity -MMD -MP -MF"Drivers/STM32G4xx_HAL_Driver/Src/stm32g4xx_hal_dma.d" -MT"Drivers/STM32G4xx_HAL_Driver/Src/stm32g4xx_hal_dma.o" --specs=nano.specs -mfpu=fpv4-sp-d16 -mfloat-abi=hard -mthumb -o "Drivers/STM32G4xx_HAL_Driver/Src/stm32g4xx_hal_dma.o"
arm-none-eabi-gcc "../Drivers/STM32G4xx_HAL_Driver/Src/stm32g4xx_hal_dma_ex.c" -mcpu=cortex-m4 -std=gnu11 -g3 -DDEBUG -DUSE_HAL_DRIVER -DSTM32G431xx -c -I../Core/Inc -I../Drivers/STM32G4xx_HAL_Driver/Inc -I../Drivers/STM32G4xx_HAL_Driver/Inc/Legacy -I../Drivers/CMSIS/Device/ST/STM32G4xx/Include -I../Drivers/CMSIS/Include -I../Drivers/CMSIS/RTOS2/Include -I../Drivers/CMSIS/NN/NN_Lib_Tests/nn_test/RTE/_ARMCM0 -I../Drivers/CMSIS/NN/NN_Lib_Tests/nn_test/RTE/_ARMCM3 -I../Drivers/CMSIS/NN/NN_Lib_Tests/nn_test/RTE/_ARMCM4_FP -I../Drivers/CMSIS/NN/NN_Lib_Tests/nn_test/RTE/_ARMCM7_SP -I../Drivers/CMSIS/RTOS2/Source -I../Drivers/CMSIS/NN/Sourse -I../Drivers/CMSIS/Core_A/Include -I../Drivers/CMSIS/DSP/Include -I../Drivers/CMSIS/NN/Include -I../Drivers/CMSIS/NN/Examples/ARM/arm_nn_examples_cifar10/RTE/_ARMCM0 -I../Drivers/CMSIS/NN/NN_Lib_Tests/nn_test/RTE/_ARMCM0/RTE_Components.h -O0 -ffunction-sections -fdata-sections -Wall -fstack-usage -fcyclomatic-complexity -MMD -MP -MF"Drivers/STM32G4xx_HAL_Driver/Src/stm32g4xx_hal_dma_ex.d" -MT"Drivers/STM32G4xx_HAL_Driver/Src/stm32g4xx_hal_dma_ex.o" --specs=nano.specs -mfpu=fpv4-sp-d16 -mfloat-abi=hard -mthumb -o "Drivers/STM32G4xx_HAL_Driver/Src/stm32g4xx_hal_dma_ex.o"
cc1.exe: warning: ../Drivers/CMSIS/NN/NN_Lib_Tests/nn_test/RTE/_ARMCM0/RTE_Components.h: not a directory
cc1.exe: warning: ../Drivers/CMSIS/NN/NN_Lib_Tests/nn_test/RTE/_ARMCM0/RTE_Components.h: not a directory
arm-none-eabi-gcc "../Drivers/STM32G4xx_HAL_Driver/Src/stm32g4xx_hal_exti.c" -mcpu=cortex-m4 -std=gnu11 -g3 -DDEBUG -DUSE_HAL_DRIVER -DSTM32G431xx -c -I../Core/Inc -I../Drivers/STM32G4xx_HAL_Driver/Inc -I../Drivers/STM32G4xx_HAL_Driver/Inc/Legacy -I../Drivers/CMSIS/Device/ST/STM32G4xx/Include -I../Drivers/CMSIS/Include -I../Drivers/CMSIS/RTOS2/Include -I../Drivers/CMSIS/NN/NN_Lib_Tests/nn_test/RTE/_ARMCM0 -I../Drivers/CMSIS/NN/NN_Lib_Tests/nn_test/RTE/_ARMCM3 -I../Drivers/CMSIS/NN/NN_Lib_Tests/nn_test/RTE/_ARMCM4_FP -I../Drivers/CMSIS/NN/NN_Lib_Tests/nn_test/RTE/_ARMCM7_SP -I../Drivers/CMSIS/RTOS2/Source -I../Drivers/CMSIS/NN/Sourse -I../Drivers/CMSIS/Core_A/Include -I../Drivers/CMSIS/DSP/Include -I../Drivers/CMSIS/NN/Include -I../Drivers/CMSIS/NN/Examples/ARM/arm_nn_examples_cifar10/RTE/_ARMCM0 -I../Drivers/CMSIS/NN/NN_Lib_Tests/nn_test/RTE/_ARMCM0/RTE_Components.h -O0 -ffunction-sections -fdata-sections -Wall -fstack-usage -fcyclomatic-complexity -MMD -MP -MF"Drivers/STM32G4xx_HAL_Driver/Src/stm32g4xx_hal_exti.d" -MT"Drivers/STM32G4xx_HAL_Driver/Src/stm32g4xx_hal_exti.o" --specs=nano.specs -mfpu=fpv4-sp-d16 -mfloat-abi=hard -mthumb -o "Drivers/STM32G4xx_HAL_Driver/Src/stm32g4xx_hal_exti.o"
arm-none-eabi-gcc "../Drivers/STM32G4xx_HAL_Driver/Src/stm32g4xx_hal_flash.c" -mcpu=cortex-m4 -std=gnu11 -g3 -DDEBUG -DUSE_HAL_DRIVER -DSTM32G431xx -c -I../Core/Inc -I../Drivers/STM32G4xx_HAL_Driver/Inc -I../Drivers/STM32G4xx_HAL_Driver/Inc/Legacy -I../Drivers/CMSIS/Device/ST/STM32G4xx/Include -I../Drivers/CMSIS/Include -I../Drivers/CMSIS/RTOS2/Include -I../Drivers/CMSIS/NN/NN_Lib_Tests/nn_test/RTE/_ARMCM0 -I../Drivers/CMSIS/NN/NN_Lib_Tests/nn_test/RTE/_ARMCM3 -I../Drivers/CMSIS/NN/NN_Lib_Tests/nn_test/RTE/_ARMCM4_FP -I../Drivers/CMSIS/NN/NN_Lib_Tests/nn_test/RTE/_ARMCM7_SP -I../Drivers/CMSIS/RTOS2/Source -I../Drivers/CMSIS/NN/Sourse -I../Drivers/CMSIS/Core_A/Include -I../Drivers/CMSIS/DSP/Include -I../Drivers/CMSIS/NN/Include -I../Drivers/CMSIS/NN/Examples/ARM/arm_nn_examples_cifar10/RTE/_ARMCM0 -I../Drivers/CMSIS/NN/NN_Lib_Tests/nn_test/RTE/_ARMCM0/RTE_Components.h -O0 -ffunction-sections -fdata-sections -Wall -fstack-usage -fcyclomatic-complexity -MMD -MP -MF"Drivers/STM32G4xx_HAL_Driver/Src/stm32g4xx_hal_flash.d" -MT"Drivers/STM32G4xx_HAL_Driver/Src/stm32g4xx_hal_flash.o" --specs=nano.specs -mfpu=fpv4-sp-d16 -mfloat-abi=hard -mthumb -o "Drivers/STM32G4xx_HAL_Driver/Src/stm32g4xx_hal_flash.o"
cc1.exe: warning: ../Drivers/CMSIS/NN/NN_Lib_Tests/nn_test/RTE/_ARMCM0/RTE_Components.h: not a directory
arm-none-eabi-gcc "../Drivers/STM32G4xx_HAL_Driver/Src/stm32g4xx_hal_flash_ex.c" -mcpu=cortex-m4 -std=gnu11 -g3 -DDEBUG -DUSE_HAL_DRIVER -DSTM32G431xx -c -I../Core/Inc -I../Drivers/STM32G4xx_HAL_Driver/Inc -I../Drivers/STM32G4xx_HAL_Driver/Inc/Legacy -I../Drivers/CMSIS/Device/ST/STM32G4xx/Include -I../Drivers/CMSIS/Include -I../Drivers/CMSIS/RTOS2/Include -I../Drivers/CMSIS/NN/NN_Lib_Tests/nn_test/RTE/_ARMCM0 -I../Drivers/CMSIS/NN/NN_Lib_Tests/nn_test/RTE/_ARMCM3 -I../Drivers/CMSIS/NN/NN_Lib_Tests/nn_test/RTE/_ARMCM4_FP -I../Drivers/CMSIS/NN/NN_Lib_Tests/nn_test/RTE/_ARMCM7_SP -I../Drivers/CMSIS/RTOS2/Source -I../Drivers/CMSIS/NN/Sourse -I../Drivers/CMSIS/Core_A/Include -I../Drivers/CMSIS/DSP/Include -I../Drivers/CMSIS/NN/Include -I../Drivers/CMSIS/NN/Examples/ARM/arm_nn_examples_cifar10/RTE/_ARMCM0 -I../Drivers/CMSIS/NN/NN_Lib_Tests/nn_test/RTE/_ARMCM0/RTE_Components.h -O0 -ffunction-sections -fdata-sections -Wall -fstack-usage -fcyclomatic-complexity -MMD -MP -MF"Drivers/STM32G4xx_HAL_Driver/Src/stm32g4xx_hal_flash_ex.d" -MT"Drivers/STM32G4xx_HAL_Driver/Src/stm32g4xx_hal_flash_ex.o" --specs=nano.specs -mfpu=fpv4-sp-d16 -mfloat-abi=hard -mthumb -o "Drivers/STM32G4xx_HAL_Driver/Src/stm32g4xx_hal_flash_ex.o"
cc1.exe: warning: ../Drivers/CMSIS/NN/NN_Lib_Tests/nn_test/RTE/_ARMCM0/RTE_Components.h: not a directory
arm-none-eabi-gcc "../Drivers/STM32G4xx_HAL_Driver/Src/stm32g4xx_hal_flash_ramfunc.c" -mcpu=cortex-m4 -std=gnu11 -g3 -DDEBUG -DUSE_HAL_DRIVER -DSTM32G431xx -c -I../Core/Inc -I../Drivers/STM32G4xx_HAL_Driver/Inc -I../Drivers/STM32G4xx_HAL_Driver/Inc/Legacy -I../Drivers/CMSIS/Device/ST/STM32G4xx/Include -I../Drivers/CMSIS/Include -I../Drivers/CMSIS/RTOS2/Include -I../Drivers/CMSIS/NN/NN_Lib_Tests/nn_test/RTE/_ARMCM0 -I../Drivers/CMSIS/NN/NN_Lib_Tests/nn_test/RTE/_ARMCM3 -I../Drivers/CMSIS/NN/NN_Lib_Tests/nn_test/RTE/_ARMCM4_FP -I../Drivers/CMSIS/NN/NN_Lib_Tests/nn_test/RTE/_ARMCM7_SP -I../Drivers/CMSIS/RTOS2/Source -I../Drivers/CMSIS/NN/Sourse -I../Drivers/CMSIS/Core_A/Include -I../Drivers/CMSIS/DSP/Include -I../Drivers/CMSIS/NN/Include -I../Drivers/CMSIS/NN/Examples/ARM/arm_nn_examples_cifar10/RTE/_ARMCM0 -I../Drivers/CMSIS/NN/NN_Lib_Tests/nn_test/RTE/_ARMCM0/RTE_Components.h -O0 -ffunction-sections -fdata-sections -Wall -fstack-usage -fcyclomatic-complexity -MMD -MP -MF"Drivers/STM32G4xx_HAL_Driver/Src/stm32g4xx_hal_flash_ramfunc.d" -MT"Drivers/STM32G4xx_HAL_Driver/Src/stm32g4xx_hal_flash_ramfunc.o" --specs=nano.specs -mfpu=fpv4-sp-d16 -mfloat-abi=hard -mthumb -o "Drivers/STM32G4xx_HAL_Driver/Src/stm32g4xx_hal_flash_ramfunc.o"
cc1.exe: warning: ../Drivers/CMSIS/NN/NN_Lib_Tests/nn_test/RTE/_ARMCM0/RTE_Components.h: not a directory
arm-none-eabi-gcc "../Drivers/STM32G4xx_HAL_Driver/Src/stm32g4xx_hal_gpio.c" -mcpu=cortex-m4 -std=gnu11 -g3 -DDEBUG -DUSE_HAL_DRIVER -DSTM32G431xx -c -I../Core/Inc -I../Drivers/STM32G4xx_HAL_Driver/Inc -I../Drivers/STM32G4xx_HAL_Driver/Inc/Legacy -I../Drivers/CMSIS/Device/ST/STM32G4xx/Include -I../Drivers/CMSIS/Include -I../Drivers/CMSIS/RTOS2/Include -I../Drivers/CMSIS/NN/NN_Lib_Tests/nn_test/RTE/_ARMCM0 -I../Drivers/CMSIS/NN/NN_Lib_Tests/nn_test/RTE/_ARMCM3 -I../Drivers/CMSIS/NN/NN_Lib_Tests/nn_test/RTE/_ARMCM4_FP -I../Drivers/CMSIS/NN/NN_Lib_Tests/nn_test/RTE/_ARMCM7_SP -I../Drivers/CMSIS/RTOS2/Source -I../Drivers/CMSIS/NN/Sourse -I../Drivers/CMSIS/Core_A/Include -I../Drivers/CMSIS/DSP/Include -I../Drivers/CMSIS/NN/Include -I../Drivers/CMSIS/NN/Examples/ARM/arm_nn_examples_cifar10/RTE/_ARMCM0 -I../Drivers/CMSIS/NN/NN_Lib_Tests/nn_test/RTE/_ARMCM0/RTE_Components.h -O0 -ffunction-sections -fdata-sections -Wall -fstack-usage -fcyclomatic-complexity -MMD -MP -MF"Drivers/STM32G4xx_HAL_Driver/Src/stm32g4xx_hal_gpio.d" -MT"Drivers/STM32G4xx_HAL_Driver/Src/stm32g4xx_hal_gpio.o" --specs=nano.specs -mfpu=fpv4-sp-d16 -mfloat-abi=hard -mthumb -o "Drivers/STM32G4xx_HAL_Driver/Src/stm32g4xx_hal_gpio.o"
cc1.exe: warning: ../Drivers/CMSIS/NN/NN_Lib_Tests/nn_test/RTE/_ARMCM0/RTE_Components.h: not a directory
arm-none-eabi-gcc "../Drivers/STM32G4xx_HAL_Driver/Src/stm32g4xx_hal_pwr.c" -mcpu=cortex-m4 -std=gnu11 -g3 -DDEBUG -DUSE_HAL_DRIVER -DSTM32G431xx -c -I../Core/Inc -I../Drivers/STM32G4xx_HAL_Driver/Inc -I../Drivers/STM32G4xx_HAL_Driver/Inc/Legacy -I../Drivers/CMSIS/Device/ST/STM32G4xx/Include -I../Drivers/CMSIS/Include -I../Drivers/CMSIS/RTOS2/Include -I../Drivers/CMSIS/NN/NN_Lib_Tests/nn_test/RTE/_ARMCM0 -I../Drivers/CMSIS/NN/NN_Lib_Tests/nn_test/RTE/_ARMCM3 -I../Drivers/CMSIS/NN/NN_Lib_Tests/nn_test/RTE/_ARMCM4_FP -I../Drivers/CMSIS/NN/NN_Lib_Tests/nn_test/RTE/_ARMCM7_SP -I../Drivers/CMSIS/RTOS2/Source -I../Drivers/CMSIS/NN/Sourse -I../Drivers/CMSIS/Core_A/Include -I../Drivers/CMSIS/DSP/Include -I../Drivers/CMSIS/NN/Include -I../Drivers/CMSIS/NN/Examples/ARM/arm_nn_examples_cifar10/RTE/_ARMCM0 -I../Drivers/CMSIS/NN/NN_Lib_Tests/nn_test/RTE/_ARMCM0/RTE_Components.h -O0 -ffunction-sections -fdata-sections -Wall -fstack-usage -fcyclomatic-complexity -MMD -MP -MF"Drivers/STM32G4xx_HAL_Driver/Src/stm32g4xx_hal_pwr.d" -MT"Drivers/STM32G4xx_HAL_Driver/Src/stm32g4xx_hal_pwr.o" --specs=nano.specs -mfpu=fpv4-sp-d16 -mfloat-abi=hard -mthumb -o "Drivers/STM32G4xx_HAL_Driver/Src/stm32g4xx_hal_pwr.o"
cc1.exe: warning: ../Drivers/CMSIS/NN/NN_Lib_Tests/nn_test/RTE/_ARMCM0/RTE_Components.h: not a directory
arm-none-eabi-gcc "../Drivers/STM32G4xx_HAL_Driver/Src/stm32g4xx_hal_pwr_ex.c" -mcpu=cortex-m4 -std=gnu11 -g3 -DDEBUG -DUSE_HAL_DRIVER -DSTM32G431xx -c -I../Core/Inc -I../Drivers/STM32G4xx_HAL_Driver/Inc -I../Drivers/STM32G4xx_HAL_Driver/Inc/Legacy -I../Drivers/CMSIS/Device/ST/STM32G4xx/Include -I../Drivers/CMSIS/Include -I../Drivers/CMSIS/RTOS2/Include -I../Drivers/CMSIS/NN/NN_Lib_Tests/nn_test/RTE/_ARMCM0 -I../Drivers/CMSIS/NN/NN_Lib_Tests/nn_test/RTE/_ARMCM3 -I../Drivers/CMSIS/NN/NN_Lib_Tests/nn_test/RTE/_ARMCM4_FP -I../Drivers/CMSIS/NN/NN_Lib_Tests/nn_test/RTE/_ARMCM7_SP -I../Drivers/CMSIS/RTOS2/Source -I../Drivers/CMSIS/NN/Sourse -I../Drivers/CMSIS/Core_A/Include -I../Drivers/CMSIS/DSP/Include -I../Drivers/CMSIS/NN/Include -I../Drivers/CMSIS/NN/Examples/ARM/arm_nn_examples_cifar10/RTE/_ARMCM0 -I../Drivers/CMSIS/NN/NN_Lib_Tests/nn_test/RTE/_ARMCM0/RTE_Components.h -O0 -ffunction-sections -fdata-sections -Wall -fstack-usage -fcyclomatic-complexity -MMD -MP -MF"Drivers/STM32G4xx_HAL_Driver/Src/stm32g4xx_hal_pwr_ex.d" -MT"Drivers/STM32G4xx_HAL_Driver/Src/stm32g4xx_hal_pwr_ex.o" --specs=nano.specs -mfpu=fpv4-sp-d16 -mfloat-abi=hard -mthumb -o "Drivers/STM32G4xx_HAL_Driver/Src/stm32g4xx_hal_pwr_ex.o"
cc1.exe: warning: ../Drivers/CMSIS/NN/NN_Lib_Tests/nn_test/RTE/_ARMCM0/RTE_Components.h: not a directory
arm-none-eabi-gcc "../Drivers/STM32G4xx_HAL_Driver/Src/stm32g4xx_hal_rcc.c" -mcpu=cortex-m4 -std=gnu11 -g3 -DDEBUG -DUSE_HAL_DRIVER -DSTM32G431xx -c -I../Core/Inc -I../Drivers/STM32G4xx_HAL_Driver/Inc -I../Drivers/STM32G4xx_HAL_Driver/Inc/Legacy -I../Drivers/CMSIS/Device/ST/STM32G4xx/Include -I../Drivers/CMSIS/Include -I../Drivers/CMSIS/RTOS2/Include -I../Drivers/CMSIS/NN/NN_Lib_Tests/nn_test/RTE/_ARMCM0 -I../Drivers/CMSIS/NN/NN_Lib_Tests/nn_test/RTE/_ARMCM3 -I../Drivers/CMSIS/NN/NN_Lib_Tests/nn_test/RTE/_ARMCM4_FP -I../Drivers/CMSIS/NN/NN_Lib_Tests/nn_test/RTE/_ARMCM7_SP -I../Drivers/CMSIS/RTOS2/Source -I../Drivers/CMSIS/NN/Sourse -I../Drivers/CMSIS/Core_A/Include -I../Drivers/CMSIS/DSP/Include -I../Drivers/CMSIS/NN/Include -I../Drivers/CMSIS/NN/Examples/ARM/arm_nn_examples_cifar10/RTE/_ARMCM0 -I../Drivers/CMSIS/NN/NN_Lib_Tests/nn_test/RTE/_ARMCM0/RTE_Components.h -O0 -ffunction-sections -fdata-sections -Wall -fstack-usage -fcyclomatic-complexity -MMD -MP -MF"Drivers/STM32G4xx_HAL_Driver/Src/stm32g4xx_hal_rcc.d" -MT"Drivers/STM32G4xx_HAL_Driver/Src/stm32g4xx_hal_rcc.o" --specs=nano.specs -mfpu=fpv4-sp-d16 -mfloat-abi=hard -mthumb -o "Drivers/STM32G4xx_HAL_Driver/Src/stm32g4xx_hal_rcc.o"
cc1.exe: warning: ../Drivers/CMSIS/NN/NN_Lib_Tests/nn_test/RTE/_ARMCM0/RTE_Components.h: not a directory
arm-none-eabi-gcc "../Drivers/STM32G4xx_HAL_Driver/Src/stm32g4xx_hal_rcc_ex.c" -mcpu=cortex-m4 -std=gnu11 -g3 -DDEBUG -DUSE_HAL_DRIVER -DSTM32G431xx -c -I../Core/Inc -I../Drivers/STM32G4xx_HAL_Driver/Inc -I../Drivers/STM32G4xx_HAL_Driver/Inc/Legacy -I../Drivers/CMSIS/Device/ST/STM32G4xx/Include -I../Drivers/CMSIS/Include -I../Drivers/CMSIS/RTOS2/Include -I../Drivers/CMSIS/NN/NN_Lib_Tests/nn_test/RTE/_ARMCM0 -I../Drivers/CMSIS/NN/NN_Lib_Tests/nn_test/RTE/_ARMCM3 -I../Drivers/CMSIS/NN/NN_Lib_Tests/nn_test/RTE/_ARMCM4_FP -I../Drivers/CMSIS/NN/NN_Lib_Tests/nn_test/RTE/_ARMCM7_SP -I../Drivers/CMSIS/RTOS2/Source -I../Drivers/CMSIS/NN/Sourse -I../Drivers/CMSIS/Core_A/Include -I../Drivers/CMSIS/DSP/Include -I../Drivers/CMSIS/NN/Include -I../Drivers/CMSIS/NN/Examples/ARM/arm_nn_examples_cifar10/RTE/_ARMCM0 -I../Drivers/CMSIS/NN/NN_Lib_Tests/nn_test/RTE/_ARMCM0/RTE_Components.h -O0 -ffunction-sections -fdata-sections -Wall -fstack-usage -fcyclomatic-complexity -MMD -MP -MF"Drivers/STM32G4xx_HAL_Driver/Src/stm32g4xx_hal_rcc_ex.d" -MT"Drivers/STM32G4xx_HAL_Driver/Src/stm32g4xx_hal_rcc_ex.o" --specs=nano.specs -mfpu=fpv4-sp-d16 -mfloat-abi=hard -mthumb -o "Drivers/STM32G4xx_HAL_Driver/Src/stm32g4xx_hal_rcc_ex.o"
cc1.exe: warning: ../Drivers/CMSIS/NN/NN_Lib_Tests/nn_test/RTE/_ARMCM0/RTE_Components.h: not a directory
arm-none-eabi-gcc "../Drivers/STM32G4xx_HAL_Driver/Src/stm32g4xx_hal_spi.c" -mcpu=cortex-m4 -std=gnu11 -g3 -DDEBUG -DUSE_HAL_DRIVER -DSTM32G431xx -c -I../Core/Inc -I../Drivers/STM32G4xx_HAL_Driver/Inc -I../Drivers/STM32G4xx_HAL_Driver/Inc/Legacy -I../Drivers/CMSIS/Device/ST/STM32G4xx/Include -I../Drivers/CMSIS/Include -I../Drivers/CMSIS/RTOS2/Include -I../Drivers/CMSIS/NN/NN_Lib_Tests/nn_test/RTE/_ARMCM0 -I../Drivers/CMSIS/NN/NN_Lib_Tests/nn_test/RTE/_ARMCM3 -I../Drivers/CMSIS/NN/NN_Lib_Tests/nn_test/RTE/_ARMCM4_FP -I../Drivers/CMSIS/NN/NN_Lib_Tests/nn_test/RTE/_ARMCM7_SP -I../Drivers/CMSIS/RTOS2/Source -I../Drivers/CMSIS/NN/Sourse -I../Drivers/CMSIS/Core_A/Include -I../Drivers/CMSIS/DSP/Include -I../Drivers/CMSIS/NN/Include -I../Drivers/CMSIS/NN/Examples/ARM/arm_nn_examples_cifar10/RTE/_ARMCM0 -I../Drivers/CMSIS/NN/NN_Lib_Tests/nn_test/RTE/_ARMCM0/RTE_Components.h -O0 -ffunction-sections -fdata-sections -Wall -fstack-usage -fcyclomatic-complexity -MMD -MP -MF"Drivers/STM32G4xx_HAL_Driver/Src/stm32g4xx_hal_spi.d" -MT"Drivers/STM32G4xx_HAL_Driver/Src/stm32g4xx_hal_spi.o" --specs=nano.specs -mfpu=fpv4-sp-d16 -mfloat-abi=hard -mthumb -o "Drivers/STM32G4xx_HAL_Driver/Src/stm32g4xx_hal_spi.o"
cc1.exe: warning: ../Drivers/CMSIS/NN/NN_Lib_Tests/nn_test/RTE/_ARMCM0/RTE_Components.h: not a directory
arm-none-eabi-gcc "../Drivers/STM32G4xx_HAL_Driver/Src/stm32g4xx_hal_spi_ex.c" -mcpu=cortex-m4 -std=gnu11 -g3 -DDEBUG -DUSE_HAL_DRIVER -DSTM32G431xx -c -I../Core/Inc -I../Drivers/STM32G4xx_HAL_Driver/Inc -I../Drivers/STM32G4xx_HAL_Driver/Inc/Legacy -I../Drivers/CMSIS/Device/ST/STM32G4xx/Include -I../Drivers/CMSIS/Include -I../Drivers/CMSIS/RTOS2/Include -I../Drivers/CMSIS/NN/NN_Lib_Tests/nn_test/RTE/_ARMCM0 -I../Drivers/CMSIS/NN/NN_Lib_Tests/nn_test/RTE/_ARMCM3 -I../Drivers/CMSIS/NN/NN_Lib_Tests/nn_test/RTE/_ARMCM4_FP -I../Drivers/CMSIS/NN/NN_Lib_Tests/nn_test/RTE/_ARMCM7_SP -I../Drivers/CMSIS/RTOS2/Source -I../Drivers/CMSIS/NN/Sourse -I../Drivers/CMSIS/Core_A/Include -I../Drivers/CMSIS/DSP/Include -I../Drivers/CMSIS/NN/Include -I../Drivers/CMSIS/NN/Examples/ARM/arm_nn_examples_cifar10/RTE/_ARMCM0 -I../Drivers/CMSIS/NN/NN_Lib_Tests/nn_test/RTE/_ARMCM0/RTE_Components.h -O0 -ffunction-sections -fdata-sections -Wall -fstack-usage -fcyclomatic-complexity -MMD -MP -MF"Drivers/STM32G4xx_HAL_Driver/Src/stm32g4xx_hal_spi_ex.d" -MT"Drivers/STM32G4xx_HAL_Driver/Src/stm32g4xx_hal_spi_ex.o" --specs=nano.specs -mfpu=fpv4-sp-d16 -mfloat-abi=hard -mthumb -o "Drivers/STM32G4xx_HAL_Driver/Src/stm32g4xx_hal_spi_ex.o"
cc1.exe: warning: ../Drivers/CMSIS/NN/NN_Lib_Tests/nn_test/RTE/_ARMCM0/RTE_Components.h: not a directory
arm-none-eabi-gcc "../Drivers/STM32G4xx_HAL_Driver/Src/stm32g4xx_hal_tim.c" -mcpu=cortex-m4 -std=gnu11 -g3 -DDEBUG -DUSE_HAL_DRIVER -DSTM32G431xx -c -I../Core/Inc -I../Drivers/STM32G4xx_HAL_Driver/Inc -I../Drivers/STM32G4xx_HAL_Driver/Inc/Legacy -I../Drivers/CMSIS/Device/ST/STM32G4xx/Include -I../Drivers/CMSIS/Include -I../Drivers/CMSIS/RTOS2/Include -I../Drivers/CMSIS/NN/NN_Lib_Tests/nn_test/RTE/_ARMCM0 -I../Drivers/CMSIS/NN/NN_Lib_Tests/nn_test/RTE/_ARMCM3 -I../Drivers/CMSIS/NN/NN_Lib_Tests/nn_test/RTE/_ARMCM4_FP -I../Drivers/CMSIS/NN/NN_Lib_Tests/nn_test/RTE/_ARMCM7_SP -I../Drivers/CMSIS/RTOS2/Source -I../Drivers/CMSIS/NN/Sourse -I../Drivers/CMSIS/Core_A/Include -I../Drivers/CMSIS/DSP/Include -I../Drivers/CMSIS/NN/Include -I../Drivers/CMSIS/NN/Examples/ARM/arm_nn_examples_cifar10/RTE/_ARMCM0 -I../Drivers/CMSIS/NN/NN_Lib_Tests/nn_test/RTE/_ARMCM0/RTE_Components.h -O0 -ffunction-sections -fdata-sections -Wall -fstack-usage -fcyclomatic-complexity -MMD -MP -MF"Drivers/STM32G4xx_HAL_Driver/Src/stm32g4xx_hal_tim.d" -MT"Drivers/STM32G4xx_HAL_Driver/Src/stm32g4xx_hal_tim.o" --specs=nano.specs -mfpu=fpv4-sp-d16 -mfloat-abi=hard -mthumb -o "Drivers/STM32G4xx_HAL_Driver/Src/stm32g4xx_hal_tim.o"
cc1.exe: warning: ../Drivers/CMSIS/NN/NN_Lib_Tests/nn_test/RTE/_ARMCM0/RTE_Components.h: not a directory
arm-none-eabi-gcc "../Drivers/STM32G4xx_HAL_Driver/Src/stm32g4xx_hal_tim_ex.c" -mcpu=cortex-m4 -std=gnu11 -g3 -DDEBUG -DUSE_HAL_DRIVER -DSTM32G431xx -c -I../Core/Inc -I../Drivers/STM32G4xx_HAL_Driver/Inc -I../Drivers/STM32G4xx_HAL_Driver/Inc/Legacy -I../Drivers/CMSIS/Device/ST/STM32G4xx/Include -I../Drivers/CMSIS/Include -I../Drivers/CMSIS/RTOS2/Include -I../Drivers/CMSIS/NN/NN_Lib_Tests/nn_test/RTE/_ARMCM0 -I../Drivers/CMSIS/NN/NN_Lib_Tests/nn_test/RTE/_ARMCM3 -I../Drivers/CMSIS/NN/NN_Lib_Tests/nn_test/RTE/_ARMCM4_FP -I../Drivers/CMSIS/NN/NN_Lib_Tests/nn_test/RTE/_ARMCM7_SP -I../Drivers/CMSIS/RTOS2/Source -I../Drivers/CMSIS/NN/Sourse -I../Drivers/CMSIS/Core_A/Include -I../Drivers/CMSIS/DSP/Include -I../Drivers/CMSIS/NN/Include -I../Drivers/CMSIS/NN/Examples/ARM/arm_nn_examples_cifar10/RTE/_ARMCM0 -I../Drivers/CMSIS/NN/NN_Lib_Tests/nn_test/RTE/_ARMCM0/RTE_Components.h -O0 -ffunction-sections -fdata-sections -Wall -fstack-usage -fcyclomatic-complexity -MMD -MP -MF"Drivers/STM32G4xx_HAL_Driver/Src/stm32g4xx_hal_tim_ex.d" -MT"Drivers/STM32G4xx_HAL_Driver/Src/stm32g4xx_hal_tim_ex.o" --specs=nano.specs -mfpu=fpv4-sp-d16 -mfloat-abi=hard -mthumb -o "Drivers/STM32G4xx_HAL_Driver/Src/stm32g4xx_hal_tim_ex.o"
cc1.exe: warning: ../Drivers/CMSIS/NN/NN_Lib_Tests/nn_test/RTE/_ARMCM0/RTE_Components.h: not a directory
cc1.exe: warning: ../Drivers/CMSIS/NN/NN_Lib_Tests/nn_test/RTE/_ARMCM0/RTE_Components.h: not a directory
arm-none-eabi-gcc "../Drivers/STM32G4xx_HAL_Driver/Src/stm32g4xx_hal_uart.c" -mcpu=cortex-m4 -std=gnu11 -g3 -DDEBUG -DUSE_HAL_DRIVER -DSTM32G431xx -c -I../Core/Inc -I../Drivers/STM32G4xx_HAL_Driver/Inc -I../Drivers/STM32G4xx_HAL_Driver/Inc/Legacy -I../Drivers/CMSIS/Device/ST/STM32G4xx/Include -I../Drivers/CMSIS/Include -I../Drivers/CMSIS/RTOS2/Include -I../Drivers/CMSIS/NN/NN_Lib_Tests/nn_test/RTE/_ARMCM0 -I../Drivers/CMSIS/NN/NN_Lib_Tests/nn_test/RTE/_ARMCM3 -I../Drivers/CMSIS/NN/NN_Lib_Tests/nn_test/RTE/_ARMCM4_FP -I../Drivers/CMSIS/NN/NN_Lib_Tests/nn_test/RTE/_ARMCM7_SP -I../Drivers/CMSIS/RTOS2/Source -I../Drivers/CMSIS/NN/Sourse -I../Drivers/CMSIS/Core_A/Include -I../Drivers/CMSIS/DSP/Include -I../Drivers/CMSIS/NN/Include -I../Drivers/CMSIS/NN/Examples/ARM/arm_nn_examples_cifar10/RTE/_ARMCM0 -I../Drivers/CMSIS/NN/NN_Lib_Tests/nn_test/RTE/_ARMCM0/RTE_Components.h -O0 -ffunction-sections -fdata-sections -Wall -fstack-usage -fcyclomatic-complexity -MMD -MP -MF"Drivers/STM32G4xx_HAL_Driver/Src/stm32g4xx_hal_uart.d" -MT"Drivers/STM32G4xx_HAL_Driver/Src/stm32g4xx_hal_uart.o" --specs=nano.specs -mfpu=fpv4-sp-d16 -mfloat-abi=hard -mthumb -o "Drivers/STM32G4xx_HAL_Driver/Src/stm32g4xx_hal_uart.o"
arm-none-eabi-gcc "../Drivers/STM32G4xx_HAL_Driver/Src/stm32g4xx_hal_uart_ex.c" -mcpu=cortex-m4 -std=gnu11 -g3 -DDEBUG -DUSE_HAL_DRIVER -DSTM32G431xx -c -I../Core/Inc -I../Drivers/STM32G4xx_HAL_Driver/Inc -I../Drivers/STM32G4xx_HAL_Driver/Inc/Legacy -I../Drivers/CMSIS/Device/ST/STM32G4xx/Include -I../Drivers/CMSIS/Include -I../Drivers/CMSIS/RTOS2/Include -I../Drivers/CMSIS/NN/NN_Lib_Tests/nn_test/RTE/_ARMCM0 -I../Drivers/CMSIS/NN/NN_Lib_Tests/nn_test/RTE/_ARMCM3 -I../Drivers/CMSIS/NN/NN_Lib_Tests/nn_test/RTE/_ARMCM4_FP -I../Drivers/CMSIS/NN/NN_Lib_Tests/nn_test/RTE/_ARMCM7_SP -I../Drivers/CMSIS/RTOS2/Source -I../Drivers/CMSIS/NN/Sourse -I../Drivers/CMSIS/Core_A/Include -I../Drivers/CMSIS/DSP/Include -I../Drivers/CMSIS/NN/Include -I../Drivers/CMSIS/NN/Examples/ARM/arm_nn_examples_cifar10/RTE/_ARMCM0 -I../Drivers/CMSIS/NN/NN_Lib_Tests/nn_test/RTE/_ARMCM0/RTE_Components.h -O0 -ffunction-sections -fdata-sections -Wall -fstack-usage -fcyclomatic-complexity -MMD -MP -MF"Drivers/STM32G4xx_HAL_Driver/Src/stm32g4xx_hal_uart_ex.d" -MT"Drivers/STM32G4xx_HAL_Driver/Src/stm32g4xx_hal_uart_ex.o" --specs=nano.specs -mfpu=fpv4-sp-d16 -mfloat-abi=hard -mthumb -o "Drivers/STM32G4xx_HAL_Driver/Src/stm32g4xx_hal_uart_ex.o"
cc1.exe: warning: ../Drivers/CMSIS/NN/NN_Lib_Tests/nn_test/RTE/_ARMCM0/RTE_Components.h: not a directory
arm-none-eabi-gcc "../Drivers/CMSIS/RTOS2/Template/cmsis_os1.c" -mcpu=cortex-m4 -std=gnu11 -g3 -DDEBUG -DUSE_HAL_DRIVER -DSTM32G431xx -c -I../Core/Inc -I../Drivers/STM32G4xx_HAL_Driver/Inc -I../Drivers/STM32G4xx_HAL_Driver/Inc/Legacy -I../Drivers/CMSIS/Device/ST/STM32G4xx/Include -I../Drivers/CMSIS/Include -I../Drivers/CMSIS/RTOS2/Include -I../Drivers/CMSIS/NN/NN_Lib_Tests/nn_test/RTE/_ARMCM0 -I../Drivers/CMSIS/NN/NN_Lib_Tests/nn_test/RTE/_ARMCM3 -I../Drivers/CMSIS/NN/NN_Lib_Tests/nn_test/RTE/_ARMCM4_FP -I../Drivers/CMSIS/NN/NN_Lib_Tests/nn_test/RTE/_ARMCM7_SP -I../Drivers/CMSIS/RTOS2/Source -I../Drivers/CMSIS/NN/Sourse -I../Drivers/CMSIS/Core_A/Include -I../Drivers/CMSIS/DSP/Include -I../Drivers/CMSIS/NN/Include -I../Drivers/CMSIS/NN/Examples/ARM/arm_nn_examples_cifar10/RTE/_ARMCM0 -I../Drivers/CMSIS/NN/NN_Lib_Tests/nn_test/RTE/_ARMCM0/RTE_Components.h -O0 -ffunction-sections -fdata-sections -Wall -fstack-usage -fcyclomatic-complexity -MMD -MP -MF"Drivers/CMSIS/RTOS2/Template/cmsis_os1.d" -MT"Drivers/CMSIS/RTOS2/Template/cmsis_os1.o" --specs=nano.specs -mfpu=fpv4-sp-d16 -mfloat-abi=hard -mthumb -o "Drivers/CMSIS/RTOS2/Template/cmsis_os1.o"
cc1.exe: warning: ../Drivers/CMSIS/NN/NN_Lib_Tests/nn_test/RTE/_ARMCM0/RTE_Components.h: not a directory
arm-none-eabi-gcc "../Drivers/CMSIS/RTOS2/Source/os_systick.c" -mcpu=cortex-m4 -std=gnu11 -g3 -DDEBUG -DUSE_HAL_DRIVER -DSTM32G431xx -c -I../Core/Inc -I../Drivers/STM32G4xx_HAL_Driver/Inc -I../Drivers/STM32G4xx_HAL_Driver/Inc/Legacy -I../Drivers/CMSIS/Device/ST/STM32G4xx/Include -I../Drivers/CMSIS/Include -I../Drivers/CMSIS/RTOS2/Include -I../Drivers/CMSIS/NN/NN_Lib_Tests/nn_test/RTE/_ARMCM0 -I../Drivers/CMSIS/NN/NN_Lib_Tests/nn_test/RTE/_ARMCM3 -I../Drivers/CMSIS/NN/NN_Lib_Tests/nn_test/RTE/_ARMCM4_FP -I../Drivers/CMSIS/NN/NN_Lib_Tests/nn_test/RTE/_ARMCM7_SP -I../Drivers/CMSIS/RTOS2/Source -I../Drivers/CMSIS/NN/Sourse -I../Drivers/CMSIS/Core_A/Include -I../Drivers/CMSIS/DSP/Include -I../Drivers/CMSIS/NN/Include -I../Drivers/CMSIS/NN/Examples/ARM/arm_nn_examples_cifar10/RTE/_ARMCM0 -I../Drivers/CMSIS/NN/NN_Lib_Tests/nn_test/RTE/_ARMCM0/RTE_Components.h -O0 -ffunction-sections -fdata-sections -Wall -fstack-usage -fcyclomatic-complexity -MMD -MP -MF"Drivers/CMSIS/RTOS2/Source/os_systick.d" -MT"Drivers/CMSIS/RTOS2/Source/os_systick.o" --specs=nano.specs -mfpu=fpv4-sp-d16 -mfloat-abi=hard -mthumb -o "Drivers/CMSIS/RTOS2/Source/os_systick.o"
cc1.exe: warning: ../Drivers/CMSIS/NN/NN_Lib_Tests/nn_test/RTE/_ARMCM0/RTE_Components.h: not a directory
cc1.exe: warning: ../Drivers/CMSIS/NN/NN_Lib_Tests/nn_test/RTE/_ARMCM0/RTE_Components.h: not a directory
arm-none-eabi-gcc "../Drivers/CMSIS/RTOS2/Source/os_tick_gtim.c" -mcpu=cortex-m4 -std=gnu11 -g3 -DDEBUG -DUSE_HAL_DRIVER -DSTM32G431xx -c -I../Core/Inc -I../Drivers/STM32G4xx_HAL_Driver/Inc -I../Drivers/STM32G4xx_HAL_Driver/Inc/Legacy -I../Drivers/CMSIS/Device/ST/STM32G4xx/Include -I../Drivers/CMSIS/Include -I../Drivers/CMSIS/RTOS2/Include -I../Drivers/CMSIS/NN/NN_Lib_Tests/nn_test/RTE/_ARMCM0 -I../Drivers/CMSIS/NN/NN_Lib_Tests/nn_test/RTE/_ARMCM3 -I../Drivers/CMSIS/NN/NN_Lib_Tests/nn_test/RTE/_ARMCM4_FP -I../Drivers/CMSIS/NN/NN_Lib_Tests/nn_test/RTE/_ARMCM7_SP -I../Drivers/CMSIS/RTOS2/Source -I../Drivers/CMSIS/NN/Sourse -I../Drivers/CMSIS/Core_A/Include -I../Drivers/CMSIS/DSP/Include -I../Drivers/CMSIS/NN/Include -I../Drivers/CMSIS/NN/Examples/ARM/arm_nn_examples_cifar10/RTE/_ARMCM0 -I../Drivers/CMSIS/NN/NN_Lib_Tests/nn_test/RTE/_ARMCM0/RTE_Components.h -O0 -ffunction-sections -fdata-sections -Wall -fstack-usage -fcyclomatic-complexity -MMD -MP -MF"Drivers/CMSIS/RTOS2/Source/os_tick_gtim.d" -MT"Drivers/CMSIS/RTOS2/Source/os_tick_gtim.o" --specs=nano.specs -mfpu=fpv4-sp-d16 -mfloat-abi=hard -mthumb -o "Drivers/CMSIS/RTOS2/Source/os_tick_gtim.o"
arm-none-eabi-gcc "../Drivers/CMSIS/RTOS2/Source/os_tick_ptim.c" -mcpu=cortex-m4 -std=gnu11 -g3 -DDEBUG -DUSE_HAL_DRIVER -DSTM32G431xx -c -I../Core/Inc -I../Drivers/STM32G4xx_HAL_Driver/Inc -I../Drivers/STM32G4xx_HAL_Driver/Inc/Legacy -I../Drivers/CMSIS/Device/ST/STM32G4xx/Include -I../Drivers/CMSIS/Include -I../Drivers/CMSIS/RTOS2/Include -I../Drivers/CMSIS/NN/NN_Lib_Tests/nn_test/RTE/_ARMCM0 -I../Drivers/CMSIS/NN/NN_Lib_Tests/nn_test/RTE/_ARMCM3 -I../Drivers/CMSIS/NN/NN_Lib_Tests/nn_test/RTE/_ARMCM4_FP -I../Drivers/CMSIS/NN/NN_Lib_Tests/nn_test/RTE/_ARMCM7_SP -I../Drivers/CMSIS/RTOS2/Source -I../Drivers/CMSIS/NN/Sourse -I../Drivers/CMSIS/Core_A/Include -I../Drivers/CMSIS/DSP/Include -I../Drivers/CMSIS/NN/Include -I../Drivers/CMSIS/NN/Examples/ARM/arm_nn_examples_cifar10/RTE/_ARMCM0 -I../Drivers/CMSIS/NN/NN_Lib_Tests/nn_test/RTE/_ARMCM0/RTE_Components.h -O0 -ffunction-sections -fdata-sections -Wall -fstack-usage -fcyclomatic-complexity -MMD -MP -MF"Drivers/CMSIS/RTOS2/Source/os_tick_ptim.d" -MT"Drivers/CMSIS/RTOS2/Source/os_tick_ptim.o" --specs=nano.specs -mfpu=fpv4-sp-d16 -mfloat-abi=hard -mthumb -o "Drivers/CMSIS/RTOS2/Source/os_tick_ptim.o"
cc1.exe: warning: ../Drivers/CMSIS/NN/NN_Lib_Tests/nn_test/RTE/_ARMCM0/RTE_Components.h: not a directory
arm-none-eabi-gcc "../Drivers/CMSIS/NN/Source/SoftmaxFunctions/arm_softmax_q15.c" -mcpu=cortex-m4 -std=gnu11 -g3 -DDEBUG -DUSE_HAL_DRIVER -DSTM32G431xx -c -I../Core/Inc -I../Drivers/STM32G4xx_HAL_Driver/Inc -I../Drivers/STM32G4xx_HAL_Driver/Inc/Legacy -I../Drivers/CMSIS/Device/ST/STM32G4xx/Include -I../Drivers/CMSIS/Include -I../Drivers/CMSIS/RTOS2/Include -I../Drivers/CMSIS/NN/NN_Lib_Tests/nn_test/RTE/_ARMCM0 -I../Drivers/CMSIS/NN/NN_Lib_Tests/nn_test/RTE/_ARMCM3 -I../Drivers/CMSIS/NN/NN_Lib_Tests/nn_test/RTE/_ARMCM4_FP -I../Drivers/CMSIS/NN/NN_Lib_Tests/nn_test/RTE/_ARMCM7_SP -I../Drivers/CMSIS/RTOS2/Source -I../Drivers/CMSIS/NN/Sourse -I../Drivers/CMSIS/Core_A/Include -I../Drivers/CMSIS/DSP/Include -I../Drivers/CMSIS/NN/Include -I../Drivers/CMSIS/NN/Examples/ARM/arm_nn_examples_cifar10/RTE/_ARMCM0 -I../Drivers/CMSIS/NN/NN_Lib_Tests/nn_test/RTE/_ARMCM0/RTE_Components.h -O0 -ffunction-sections -fdata-sections -Wall -fstack-usage -fcyclomatic-complexity -MMD -MP -MF"Drivers/CMSIS/NN/Source/SoftmaxFunctions/arm_softmax_q15.d" -MT"Drivers/CMSIS/NN/Source/SoftmaxFunctions/arm_softmax_q15.o" --specs=nano.specs -mfpu=fpv4-sp-d16 -mfloat-abi=hard -mthumb -o "Drivers/CMSIS/NN/Source/SoftmaxFunctions/arm_softmax_q15.o"
cc1.exe: warning: ../Drivers/CMSIS/NN/NN_Lib_Tests/nn_test/RTE/_ARMCM0/RTE_Components.h: not a directory
In file included from ../Drivers/CMSIS/RTOS2/Source/os_systick.c:28:
../Drivers/CMSIS/NN/NN_Lib_Tests/nn_test/RTE/_ARMCM0/RTE_Components.h:17:29: fatal error: ARMCM0.h: No such file or directory
   17 | #define CMSIS_device_header "ARMCM0.h"
      |                             ^~~~~~~~~~
compilation terminated.
make: *** [Drivers/CMSIS/RTOS2/Source/subdir.mk:25: Drivers/CMSIS/RTOS2/Source/os_systick.o] Error 1
make: *** Waiting for unfinished jobs....
cc1.exe: warning: ../Drivers/CMSIS/NN/NN_Lib_Tests/nn_test/RTE/_ARMCM0/RTE_Components.h: not a directory
In file included from ../Drivers/CMSIS/RTOS2/Source/os_tick_gtim.c:28:
../Drivers/CMSIS/NN/NN_Lib_Tests/nn_test/RTE/_ARMCM0/RTE_Components.h:17:29: fatal error: ARMCM0.h: No such file or directory
   17 | #define CMSIS_device_header "ARMCM0.h"
      |                             ^~~~~~~~~~
compilation terminated.
make: *** [Drivers/CMSIS/RTOS2/Source/subdir.mk:25: Drivers/CMSIS/RTOS2/Source/os_tick_gtim.o] Error 1
cc1.exe: warning: ../Drivers/CMSIS/NN/NN_Lib_Tests/nn_test/RTE/_ARMCM0/RTE_Components.h: not a directory
In file included from ../Drivers/CMSIS/RTOS2/Source/os_tick_ptim.c:25:
../Drivers/CMSIS/NN/NN_Lib_Tests/nn_test/RTE/_ARMCM0/RTE_Components.h:17:29: fatal error: ARMCM0.h: No such file or directory
   17 | #define CMSIS_device_header "ARMCM0.h"
      |                             ^~~~~~~~~~
compilation terminated.
make: *** [Drivers/CMSIS/RTOS2/Source/subdir.mk:25: Drivers/CMSIS/RTOS2/Source/os_tick_ptim.o] Error 1
cc1.exe: warning: ../Drivers/CMSIS/NN/NN_Lib_Tests/nn_test/RTE/_ARMCM0/RTE_Components.h: not a directory
"make -j4 all" terminated with exit code 2. Build might be incomplete.

18:02:35 Build Failed. 7 errors, 0 warnings. (took 35s.262ms)

